<?xml version="1.0" encoding="UTF-8"?>
<!-- Generated by org.testng.reporters.JUnitXMLReporter -->
<testsuite ignored="0" hostname="DESKTOP-LQJARCK" failures="0" tests="7" name="Chrome Test" time="495.606" errors="0" timestamp="2025-06-09T13:32:59 IST">
  <testcase classname="tests.DouglasTest" name="acceptCookie" time="72.286"/>
  <testcase classname="tests.DouglasTest" name="verifyPerfumeNavigation" time="34.39"/>
  <testcase classname="tests.DouglasTest" name="verifyPerfumeProductListWithFilters" time="15.12"/>
  <testcase classname="tests.DouglasTest" name="verifyPerfumeProductListWithFilters" time="36.942"/>
  <testcase classname="tests.DouglasTest" name="verifyPerfumeProductListWithFilters" time="11.113"/>
  <testcase classname="tests.DouglasTest" name="verifyPerfumeProductListWithFilters" time="10.742"/>
  <testcase classname="tests.DouglasTest" name="verifyPerfumeProductListWithFilters" time="12.112"/>
</testsuite> <!-- Chrome Test -->
