<?xml version="1.0" encoding="UTF-8"?>
<!-- Generated by org.testng.reporters.JUnitXMLReporter -->
<testsuite ignored="0" hostname="DESKTOP-LQJARCK" failures="0" tests="7" name="Edge Test" time="498.668" errors="0" timestamp="2025-06-09T13:33:02 IST">
  <testcase classname="tests.DouglasTest" name="acceptCookie" time="39.284"/>
  <testcase classname="tests.DouglasTest" name="verifyPerfumeNavigation" time="52.702"/>
  <testcase classname="tests.DouglasTest" name="verifyPerfumeProductListWithFilters" time="35.589"/>
  <testcase classname="tests.DouglasTest" name="verifyPerfumeProductListWithFilters" time="30.535"/>
  <testcase classname="tests.DouglasTest" name="verifyPerfumeProductListWithFilters" time="15.277"/>
  <testcase classname="tests.DouglasTest" name="verifyPerfumeProductListWithFilters" time="14.045"/>
  <testcase classname="tests.DouglasTest" name="verifyPerfumeProductListWithFilters" time="16.32"/>
</testsuite> <!-- Edge Test -->
