<?xml version="1.0" encoding="UTF-8"?>
<!-- Generated by org.testng.reporters.JUnitXMLReporter -->
<testsuite ignored="0" hostname="DESKTOP-LQJARCK" failures="0" tests="7" name="Firefox Test" time="397.638" errors="0" timestamp="2025-06-09T13:31:21 IST">
  <testcase classname="tests.DouglasTest" name="acceptCookie" time="42.345"/>
  <testcase classname="tests.DouglasTest" name="verifyPerfumeNavigation" time="32.27"/>
  <testcase classname="tests.DouglasTest" name="verifyPerfumeProductListWithFilters" time="11.104"/>
  <testcase classname="tests.DouglasTest" name="verifyPerfumeProductListWithFilters" time="11.056"/>
  <testcase classname="tests.DouglasTest" name="verifyPerfumeProductListWithFilters" time="10.947"/>
  <testcase classname="tests.DouglasTest" name="verifyPerfumeProductListWithFilters" time="10.654"/>
  <testcase classname="tests.DouglasTest" name="verifyPerfumeProductListWithFilters" time="10.531"/>
</testsuite> <!-- Firefox Test -->
